[debug] [2021-04-11T20:28:04.103Z] ----------------------------------------------------------------------
[debug] [2021-04-11T20:28:04.105Z] Command:       D:\nodejs\node.exe C:\Users\fasar\AppData\Roaming\npm\node_modules\firebase-tools\lib\bin\firebase.js init
[debug] [2021-04-11T20:28:04.105Z] CLI Version:   9.9.0
[debug] [2021-04-11T20:28:04.105Z] Platform:      win32
[debug] [2021-04-11T20:28:04.105Z] Node Version:  v14.15.3
[debug] [2021-04-11T20:28:04.106Z] Time:          Sun Apr 11 2021 15:28:04 GMT-0500 (hora estándar de Colombia)
[debug] [2021-04-11T20:28:04.107Z] ----------------------------------------------------------------------
[debug] 
[debug] [2021-04-11T20:28:04.112Z] > command requires scopes: ["email","openid","https://www.googleapis.com/auth/cloudplatformprojects.readonly","https://www.googleapis.com/auth/firebase","https://www.googleapis.com/auth/cloud-platform"]
[debug] [2021-04-11T20:28:04.113Z] > authorizing via signed-in user (rodadasescarabox@gmail.com)
[info] 
     ######## #### ########  ######## ########     ###     ######  ########
     ##        ##  ##     ## ##       ##     ##  ##   ##  ##       ##
     ######    ##  ########  ######   ########  #########  ######  ######
     ##        ##  ##    ##  ##       ##     ## ##     ##       ## ##
     ##       #### ##     ## ######## ########  ##     ##  ######  ########

You're about to initialize a Firebase project in this directory:

  D:\Descargas\escarabox

[info] 
=== Project Setup
[info] 
[info] First, let's associate this project directory with a Firebase project.
[info] You can create multiple project aliases by running firebase use --add, 
[info] but for now we'll just set up a default project.
[info] 
[debug] [2021-04-11T20:28:30.673Z] >>> [apiv2][query] GET https://firebase.googleapis.com/v1beta1/projects pageSize=100
[debug] [2021-04-11T20:28:32.694Z] <<< [apiv2][status] GET https://firebase.googleapis.com/v1beta1/projects 200
[debug] [2021-04-11T20:28:32.694Z] <<< [apiv2][body] GET https://firebase.googleapis.com/v1beta1/projects [omitted]
[info] i  Using project fb-rodada-react (fb-rodada-react) 
[info] 
=== Hosting Setup
[info] 
[info] Your public directory is the folder (relative to your project directory) that
[info] will contain Hosting assets to be uploaded with firebase deploy. If you
[info] have a build process for your assets, use your build's output directory.
[info] 
[debug] [2021-04-11T20:28:52.884Z] >>> [apiv2][query] GET https://www.gstatic.com/firebasejs/releases.json [none]
[debug] [2021-04-11T20:28:53.009Z] <<< [apiv2][status] GET https://www.gstatic.com/firebasejs/releases.json 200
[debug] [2021-04-11T20:28:53.009Z] <<< [apiv2][body] GET https://www.gstatic.com/firebasejs/releases.json {"current":{"version":"8.3.3","browserURL":"https://www.gstatic.com/firebasejs/8.3.3/firebase.js","packageURL":"https://www.gstatic.com/firebasejs/8.3.3/firebase.tgz"},"live":{"version":"8.3","browserURL":"https://www.gstatic.com/firebasejs/live/8.3/firebase.js","packageURL":"https://www.gstatic.com/firebasejs/live/8.3/firebase.tgz"},"components":{"analytics":"https://www.gstatic.com/firebasejs/8.3.3/firebase-analytics.js","app":"https://www.gstatic.com/firebasejs/8.3.3/firebase-app.js","auth":"https://www.gstatic.com/firebasejs/8.3.3/firebase-auth.js","database":"https://www.gstatic.com/firebasejs/8.3.3/firebase-database.js","firestore":"https://www.gstatic.com/firebasejs/8.3.3/firebase-firestore.js","functions":"https://www.gstatic.com/firebasejs/8.3.3/firebase-functions.js","installations":"https://www.gstatic.com/firebasejs/8.3.3/firebase-installations.js","messaging":"https://www.gstatic.com/firebasejs/8.3.3/firebase-messaging.js","storage":"https://www.gstatic.com/firebasejs/8.3.3/firebase-storage.js","performance":"https://www.gstatic.com/firebasejs/8.3.3/firebase-performance.js","remote-config":"https://www.gstatic.com/firebasejs/8.3.3/firebase-remote-config.js","firestore.memory":"https://www.gstatic.com/firebasejs/8.3.3/firebase-firestore.memory.js"}}
[info] +  Wrote public/index.html 
[info] 
[info] i  Detected a .git folder at D:\Descargas\escarabox 
[info] i  Authorizing with GitHub to upload your service account to a GitHub repository's secrets store. 
[info] 
[info] Visit this URL on this device to log in:
[info] https://github.com/login/oauth/authorize?client_id=89cf50f02ac6aaed3484&state=1053844914&redirect_uri=http%3A%2F%2Flocalhost%3A9005&scope=read%3Auser%20repo%20public_repo
[info] 
[info] Waiting for authentication...
[debug] [2021-04-11T20:28:56.003Z] >>> HTTP REQUEST POST https://github.com/login/oauth/access_token  
 {"client_id":"89cf50f02ac6aaed3484","client_secret":"3330d14abc895d9a74d5f17cd7a00711fa2c5bf0","code":"a7c8f2683ed9ed2d3e61","redirect_uri":"http://localhost:9005","state":"1053844914"}
[debug] [2021-04-11T20:28:56.524Z] <<< HTTP RESPONSE 200 {"server":"GitHub.com","date":"Sun, 11 Apr 2021 20:28:55 GMT","content-type":"application/json; charset=utf-8","transfer-encoding":"chunked","vary":"X-PJAX, Accept-Encoding, Accept, X-Requested-With","etag":"W/\"843b0ccfa57cefbedfd68c285cb089e5\"","cache-control":"max-age=0, private, must-revalidate","strict-transport-security":"max-age=31536000; includeSubdomains; preload","x-frame-options":"deny","x-content-type-options":"nosniff","x-xss-protection":"0","referrer-policy":"origin-when-cross-origin, strict-origin-when-cross-origin","expect-ct":"max-age=2592000, report-uri=\"https://api.github.com/_private/browser/errors\"","content-security-policy":"default-src 'none'; base-uri 'self'; block-all-mixed-content; connect-src 'self' uploads.github.com www.githubstatus.com collector.githubapp.com api.github.com github-cloud.s3.amazonaws.com github-production-repository-file-5c1aeb.s3.amazonaws.com github-production-upload-manifest-file-7fdce7.s3.amazonaws.com github-production-user-asset-6210df.s3.amazonaws.com cdn.optimizely.com logx.optimizely.com/v1/events wss://alive.github.com; font-src github.githubassets.com; form-action 'self' github.com gist.github.com; frame-ancestors 'none'; frame-src render.githubusercontent.com; img-src 'self' data: github.githubassets.com identicons.github.com collector.githubapp.com github-cloud.s3.amazonaws.com secured-user-images.githubusercontent.com/ *.githubusercontent.com; manifest-src 'self'; media-src 'none'; script-src github.githubassets.com; style-src 'unsafe-inline' github.githubassets.com; worker-src github.com/socket-worker-3f088aa2.js gist.github.com/socket-worker-3f088aa2.js","x-github-request-id":"EDA2:3254:2519851:35B1669:60735C07"}
[debug] [2021-04-11T20:28:56.533Z] >>> [apiv2][query] GET https://api.github.com/user [none]
[debug] [2021-04-11T20:28:57.042Z] <<< [apiv2][status] GET https://api.github.com/user 200
[debug] [2021-04-11T20:28:57.043Z] <<< [apiv2][body] GET https://api.github.com/user {"login":"FredySarmiento","id":33436674,"node_id":"MDQ6VXNlcjMzNDM2Njc0","avatar_url":"https://avatars.githubusercontent.com/u/33436674?v=4","gravatar_id":"","url":"https://api.github.com/users/FredySarmiento","html_url":"https://github.com/FredySarmiento","followers_url":"https://api.github.com/users/FredySarmiento/followers","following_url":"https://api.github.com/users/FredySarmiento/following{/other_user}","gists_url":"https://api.github.com/users/FredySarmiento/gists{/gist_id}","starred_url":"https://api.github.com/users/FredySarmiento/starred{/owner}{/repo}","subscriptions_url":"https://api.github.com/users/FredySarmiento/subscriptions","organizations_url":"https://api.github.com/users/FredySarmiento/orgs","repos_url":"https://api.github.com/users/FredySarmiento/repos","events_url":"https://api.github.com/users/FredySarmiento/events{/privacy}","received_events_url":"https://api.github.com/users/FredySarmiento/received_events","type":"User","site_admin":false,"name":"fredycode","company":null,"blog":"","location":"Bogotá, Colombia","email":null,"hireable":null,"bio":"Desarrollo Web","twitter_username":"fredycode","public_repos":14,"public_gists":0,"followers":1,"following":4,"created_at":"2017-11-06T23:34:00Z","updated_at":"2021-03-14T21:53:14Z","private_gists":0,"total_private_repos":1,"owned_private_repos":1,"disk_usage":89359,"collaborators":0,"two_factor_authentication":false,"plan":{"name":"free","space":976562499,"collaborators":0,"private_repos":10000}}
[info] 
[info] +  Success! Logged into GitHub as FredySarmiento 
[info] 
